build/app/outputs/mapping/release/mapping.txt
# compiler: R8
# compiler_version: 1.5.64
# min_api: 21
# pg_map_id: 242cd8b
...
com.google.firebase.firestore.core.MemoryComponentProvider$RemoteStoreCallback -> com.google.firebase.firestore.s0.p0$b:
    com.google.firebase.firestore.core.MemoryComponentProvider this$0 -> a
    com.google.firebase.database.collection.ImmutableSortedSet getRemoteKeysForTarget(int) -> a
    void handleOnlineStateChange(com.google.firebase.firestore.core.OnlineState) -> a
    void handleRejectedWrite(int,io.grpc.Status) -> a
    void handleRemoteEvent(com.google.firebase.firestore.remote.RemoteEvent) -> a
    void handleSuccessfulWrite(com.google.firebase.firestore.model.mutation.MutationBatchResult) -> a
    void handleRejectedListen(int,io.grpc.Status) -> b
com.google.firebase.firestore.core.NotInFilter -> com.google.firebase.firestore.s0.q0:
    boolean matches(com.google.firebase.firestore.model.Document) -> a
com.google.firebase.firestore.core.OnlineState -> com.google.firebase.firestore.s0.r0:
    com.google.firebase.firestore.core.OnlineState[] $VALUES -> d
    com.google.firebase.firestore.core.OnlineState ONLINE -> b
    com.google.firebase.firestore.core.OnlineState OFFLINE -> c
    com.google.firebase.firestore.core.OnlineState UNKNOWN -> a
com.google.firebase.firestore.core.OrderBy -> com.google.firebase.firestore.s0.s0:
    com.google.firebase.firestore.model.FieldPath field -> b
    com.google.firebase.firestore.core.OrderBy$Direction direction -> a
    int compare(com.google.firebase.firestore.model.Document,com.google.firebase.firestore.model.Document) -> a
    com.google.firebase.firestore.core.OrderBy$Direction getDirection() -> a
    com.google.firebase.firestore.core.OrderBy getInstance(com.google.firebase.firestore.core.OrderBy$Direction,com.google.firebase.firestore.model.FieldPath) -> a
    com.google.firebase.firestore.model.FieldPath getField() -> b
com.google.firebase.firestore.core.OrderBy$Direction -> com.google.firebase.firestore.s0.s0$a:
    com.google.firebase.firestore.core.OrderBy$Direction[] $VALUES -> d
    com.google.firebase.firestore.core.OrderBy$Direction DESCENDING -> c
    com.google.firebase.firestore.core.OrderBy$Direction ASCENDING -> b
    int comparisonModifier -> a
    int getComparisonModifier() -> a
com.google.firebase.firestore.core.Query -> com.google.firebase.firestore.s0.t0:
    java.util.List memoizedOrderBy -> b
    java.util.List explicitSortOrder -> a
    java.lang.String collectionGroup -> f
    com.google.firebase.firestore.model.ResourcePath path -> e
    java.util.List filters -> d
    com.google.firebase.firestore.core.Bound startAt -> i
    long limit -> g
    com.google.firebase.firestore.core.Bound endAt -> j
    com.google.firebase.firestore.core.OrderBy KEY_ORDERING_DESC -> l
    com.google.firebase.firestore.core.OrderBy KEY_ORDERING_ASC -> k
    com.google.firebase.firestore.core.Query$LimitType limitType -> h
    com.google.firebase.firestore.core.Target memoizedTarget -> c
    com.google.firebase.firestore.core.Query asCollectionQueryAtPath(com.google.firebase.firestore.model.ResourcePath) -> a
    java.util.Comparator comparator() -> a
    com.google.firebase.firestore.core.Query endAt(com.google.firebase.firestore.core.Bound) -> a
    com.google.firebase.firestore.core.Query filter(com.google.firebase.firestore.core.Filter) -> a
    com.google.firebase.firestore.core.Filter$Operator findFilterOperator(java.util.List) -> a
    com.google.firebase.firestore.core.Query limitToFirst(long) -> a
    boolean matches(com.google.firebase.firestore.model.Document) -> a
    com.google.firebase.firestore.core.Query orderBy(com.google.firebase.firestore.core.OrderBy) -> a
com.google.firebase.firestore.core.Query$LimitType -> com.google.firebase.firestore.s0.t0$a:
    com.google.firebase.firestore.core.Query$LimitType LIMIT_TO_FIRST -> a
    com.google.firebase.firestore.core.Query$LimitType LIMIT_TO_LAST -> b
    com.google.firebase.firestore.core.Query$LimitType[] $VALUES -> c